$ npm start

> twabot@0.0.1 start C:\Users\Andi\Documents\Hochschule\Webentwicklung\twabot
> node twabot.js

Starts the services of Twabot
Webserver started on port 80
Services are started
Attempting to access Twitch API...
Start Connecting to nightblue3 Season 6 Jungle Patch 5.24 - Jungle Variety - UNL                                                                                                                 EASH YOUR INNER JUNGLER SPIRIT - Multiseason Challenger
Connection to rethinkdb started
Looking up https://api.twitch.tv/api/channels/nightblue3/chat_properties
Start Connecting to forsenlol Forsen, Back from Poland. Sup plebs?
Connection to rethinkdb started
Looking up https://api.twitch.tv/api/channels/forsenlol/chat_properties
Start Connecting to riotgames 2015 All-Star Event - Day 4
Connection to rethinkdb started
Looking up https://api.twitch.tv/api/channels/riotgames/chat_properties
Start Connecting to yogscast Lewis & Sjin attempt to open steam
Connection to rethinkdb started
Looking up https://api.twitch.tv/api/channels/yogscast/chat_properties
Start Connecting to imaqtpie [Imaqtpie - Challenger ADC] dominating solo queue j                                                                                                                 ust like how i dominated the north american league championship series
Connection to rethinkdb started
Looking up https://api.twitch.tv/api/channels/imaqtpie/chat_properties
Start Connecting to officialfriberg @fribergCS - FPL / CS:GO Games
Connection to rethinkdb started
Looking up https://api.twitch.tv/api/channels/officialfriberg/chat_properties
Start Connecting to castro_1021 100K PACKS! @Castro1021
Connection to rethinkdb started
Looking up https://api.twitch.tv/api/channels/castro_1021/chat_properties
Start Connecting to cheatbanned oJ Stream
Connection to rethinkdb started
Looking up https://api.twitch.tv/api/channels/cheatbanned/chat_properties
Start Connecting to rocketbeanstv Bohndesliga #16 | mit Ralph Gunesch & St.Pauli                                                                                                                  Präsident Oke Göttlich
Connection to rethinkdb started
Looking up https://api.twitch.tv/api/channels/rocketbeanstv/chat_properties
Start Connecting to zetalot SK Zetalot - Playing Sjow Matcherino Today
Connection to rethinkdb started
Looking up https://api.twitch.tv/api/channels/zetalot/chat_properties
Start Connecting to asiagodtonegg3be0 冷喔 LOL 台服第一  各種屌虐 被拔框了
Connection to rethinkdb started
Looking up https://api.twitch.tv/api/channels/asiagodtonegg3be0/chat_properties
Start Connecting to lightofheaven Na`Vi.LighTofHeaveN
Connection to rethinkdb started
Looking up https://api.twitch.tv/api/channels/lightofheaven/chat_properties
Start Connecting to stray228 Поехали!!Снова с низов (2700-4100), комментарии, от                                                                                                                 веты на вопросы, все как обычно, ставочки, ошибки
Connection to rethinkdb started
Looking up https://api.twitch.tv/api/channels/stray228/chat_properties
Start Connecting to bobross The Joy of Painting Monday Season 5 Marathon #painti                                                                                                                 ng #oilpaint #bobross
Connection to rethinkdb started
Looking up https://api.twitch.tv/api/channels/bobross/chat_properties
Start Connecting to domingo DominGo
Connection to rethinkdb started
Looking up https://api.twitch.tv/api/channels/domingo/chat_properties
Start Connecting to timthetatman im not fat im getting ready for winter
Connection to rethinkdb started
Looking up https://api.twitch.tv/api/channels/timthetatman/chat_properties
Start Connecting to kinguin_net Epiphany Bolt vs Vexed - Operation: Kinguin Day                                                                                                                  1
Connection to rethinkdb started
Looking up https://api.twitch.tv/api/channels/kinguin_net/chat_properties
Start Connecting to beyondthesummit Rebroadcast: The Summit 4
Connection to rethinkdb started
Looking up https://api.twitch.tv/api/channels/beyondthesummit/chat_properties
Start Connecting to watchmeblink1 <Mitchjones> - HEY CHAT ( ° ͜ʖ͡°)╭∩╮
Connection to rethinkdb started
Looking up https://api.twitch.tv/api/channels/watchmeblink1/chat_properties
Start Connecting to khaldor Fnatic vs. Dignitas - HBA Playoffs
Connection to rethinkdb started
Looking up https://api.twitch.tv/api/channels/khaldor/chat_properties
Start Connecting to milleniumtvhs [FR] Torlk baise le game
Connection to rethinkdb started
Looking up https://api.twitch.tv/api/channels/milleniumtvhs/chat_properties
Start Connecting to mushisgosu Gosu - MIC ON - SOLO QUEUE
Connection to rethinkdb started
Looking up https://api.twitch.tv/api/channels/mushisgosu/chat_properties
Start Connecting to gtimetv Craft Attack 3 Hype
Connection to rethinkdb started
Looking up https://api.twitch.tv/api/channels/gtimetv/chat_properties
Start Connecting to roger9527 [Asia] Roger  美服天梯   你的都是我的
Connection to rethinkdb started
Looking up https://api.twitch.tv/api/channels/roger9527/chat_properties
Start Connecting to rxnexus Nexus stream
Connection to rethinkdb started
Looking up https://api.twitch.tv/api/channels/rxnexus/chat_properties
Start Connecting to g5taz TaZ FPL/Giveaway - Family Show!
Connection to rethinkdb started
Looking up https://api.twitch.tv/api/channels/g5taz/chat_properties
Start Connecting to sevadus Becoming Invincible .:. Sev's Water and Sugarfree We                                                                                                                 ek! .:. @Sevadus
Connection to rethinkdb started
Looking up https://api.twitch.tv/api/channels/sevadus/chat_properties
Start Connecting to c_a_k_e Легенда сегодня ! Турнир по ХС среди сабов (10к рубл                                                                                                                 ей) - http://goo.gl/22yB71 19 декабря.
Connection to rethinkdb started
Looking up https://api.twitch.tv/api/channels/c_a_k_e/chat_properties
Start Connecting to m0e_tv Morning stream cuz i missed you boys
Connection to rethinkdb started
Looking up https://api.twitch.tv/api/channels/m0e_tv/chat_properties
Start Connecting to kinggothalion First Mass Effect Playthrough Ever // Lets Mak                                                                                                                 e Some Bad Choices
Connection to rethinkdb started
Looking up https://api.twitch.tv/api/channels/kinggothalion/chat_properties
Start Connecting to grossie_gore Gross Gore [Master Tier] | World's most passion                                                                                                                 ate LoL player | 10 Minute Q n A, after games!
Connection to rethinkdb started
Looking up https://api.twitch.tv/api/channels/grossie_gore/chat_properties
Start Connecting to xargon0731 Xargon 【12/14】5號~19號之間所有斗內捐贈跟訂閱100                                                                                                                 %捐出去做公益
Connection to rethinkdb started
Looking up https://api.twitch.tv/api/channels/xargon0731/chat_properties
Start Connecting to esl_csgo RERUN: Luminosity vs. NaVi [Dust2] - ESL ESEA Pro L                                                                                                                 eague Season 2 Finals - Group B
Connection to rethinkdb started
Looking up https://api.twitch.tv/api/channels/esl_csgo/chat_properties
Start Connecting to matthdgamer 100K PACKS!!1 96 RONALDO!
Connection to rethinkdb started
Looking up https://api.twitch.tv/api/channels/matthdgamer/chat_properties
Start Connecting to zerator [FR] CA FAIT LONGTEMPS, on y retourne
Connection to rethinkdb started
Looking up https://api.twitch.tv/api/channels/zerator/chat_properties
Start Connecting to summonersinnlive [GER] ALLSTARS - Tag 4 - Rebroadcast
Connection to rethinkdb started
Looking up https://api.twitch.tv/api/channels/summonersinnlive/chat_properties
Start Connecting to nvidia_pl GEFORCE CUP - MECZ O 3 MIEJSCE (2500zł top3, 1500z                                                                                                                 ł top4)
Connection to rethinkdb started
Looking up https://api.twitch.tv/api/channels/nvidia_pl/chat_properties
Start Connecting to abver [ru]Hearthstone
Connection to rethinkdb started
Looking up https://api.twitch.tv/api/channels/abver/chat_properties
Start Connecting to oyunbrostv EUW Ranked Qeyf!
Connection to rethinkdb started
Looking up https://api.twitch.tv/api/channels/oyunbrostv/chat_properties
Start Connecting to anomalyxd I have a mechanical keyboard now WutFace
Connection to rethinkdb started
Looking up https://api.twitch.tv/api/channels/anomalyxd/chat_properties
Start Connecting to demuslim DeMusliM - LOTV
Connection to rethinkdb started
Looking up https://api.twitch.tv/api/channels/demuslim/chat_properties
Start Connecting to super_sonic_dan #1 WORLD RECORD ATTEMPT !!! :D
Connection to rethinkdb started
Looking up https://api.twitch.tv/api/channels/super_sonic_dan/chat_properties
Start Connecting to cdewx Cdew <Method> Mitch Jones waiting room
Connection to rethinkdb started
Looking up https://api.twitch.tv/api/channels/cdewx/chat_properties
Start Connecting to trick2g 1v5 Gates Season 6 Jungle | Can't Sleep for sh!t | H                                                                                                                 igh Possible Feed Levels here!
Connection to rethinkdb started
Looking up https://api.twitch.tv/api/channels/trick2g/chat_properties
Start Connecting to tru3ta1ent [ULTRA HD] R6 Siege RANKED! 223W - 20L [GOLD IV]                                                                                                                  [Open Lobby] Come join lets beast this together!
Connection to rethinkdb started
Looking up https://api.twitch.tv/api/channels/tru3ta1ent/chat_properties
Start Connecting to a1taoda КОМБЕК ИЗРАЕЛЬ
Connection to rethinkdb started
Looking up https://api.twitch.tv/api/channels/a1taoda/chat_properties
Start Connecting to sixwong 【6tan】20151215 會一直看天空的重弩
Connection to rethinkdb started
Looking up https://api.twitch.tv/api/channels/sixwong/chat_properties
Start Connecting to inetkoxtv POWTÓRKA: GO GO CS:GO FINAŁ !!!
Connection to rethinkdb started
Looking up https://api.twitch.tv/api/channels/inetkoxtv/chat_properties
Start Connecting to y0nd Boost (6.3k main) - y0nd
Connection to rethinkdb started
Looking up https://api.twitch.tv/api/channels/y0nd/chat_properties
Start Connecting to welovegames We Love Amnesia
Connection to rethinkdb started
Looking up https://api.twitch.tv/api/channels/welovegames/chat_properties
Channel crawler ends.Streams: undefined
Connecting to server with arguments: { host: '192.16.64.208', port: 443 }
Connecting to server with arguments: { host: '192.16.64.210', port: 443 }
Connecting to server with arguments: { host: '192.16.64.209', port: 443 }
Connecting to server with arguments: { host: '192.16.64.176', port: 443 }
Connecting to server with arguments: { host: '192.16.64.206', port: 443 }
Connecting to server with arguments: { host: '192.16.64.207', port: 443 }
Connecting to server with arguments: { host: '192.16.64.207', port: 443 }
Connecting to server with arguments: { host: '192.16.64.178', port: 443 }
Connecting to server with arguments: { host: '192.16.64.177', port: 443 }
Connecting to server with arguments: { host: '192.16.64.208', port: 443 }
Connecting to server with arguments: { host: '192.16.64.211', port: 443 }
Connecting to server with arguments: { host: '192.16.64.211', port: 443 }
Connected to Server, Channel: khaldor
Connected to Server, Channel: g5taz
Connected to Server, Channel: gtimetv
Connected to Server, Channel: mushisgosu
Connected to Server, Channel: milleniumtvhs
Connecting to server with arguments: { host: '192.16.64.206', port: 443 }
Connecting to server with arguments: { host: '192.16.64.174', port: 443 }
Connected to Server, Channel: a1taoda
Connected to Server, Channel: inetkoxtv
Connected to Server, Channel: y0nd
Connected to Server, Channel: sixwong
Connected to Server, Channel: cdewx
Connected to Server, Channel: tru3ta1ent
Connected to Server, Channel: trick2g
Connected to Server, Channel: welovegames
Connecting to server with arguments: { host: '192.16.64.179', port: 443 }
Connecting to server with arguments: { host: '192.16.64.176', port: 443 }
Connecting to server with arguments: { host: '192.16.64.177', port: 443 }
Connecting to server with arguments: { host: '192.16.64.207', port: 443 }
Connecting to server with arguments: { host: '192.16.64.207', port: 443 }
Connecting to server with arguments: { host: '192.16.64.178', port: 443 }
Connecting to server with arguments: { host: '192.16.64.205', port: 443 }
Connecting to server with arguments: { host: '192.16.64.176', port: 443 }
Connecting to server with arguments: { host: '192.16.64.175', port: 443 }
Connecting to server with arguments: { host: '192.16.64.206', port: 443 }
Connecting to server with arguments: { host: '192.16.64.211', port: 443 }
Connecting to server with arguments: { host: '192.16.64.209', port: 443 }
Connecting to server with arguments: { host: '192.16.64.205', port: 443 }
Connected to Server, Channel: roger9527
Connected to Server, Channel: m0e_tv
Connected to Server, Channel: grossie_gore
Connected to Server, Channel: c_a_k_e
Connected to Server, Channel: xargon0731
Connecting to server with arguments: { host: '192.16.64.206', port: 443 }
Connected to Server, Channel: kinggothalion
Connected to Server, Channel: nvidia_pl
Connected to Server, Channel: zerator
Connecting to server with arguments: { host: '192.16.64.206', port: 443 }
Connecting to server with arguments: { host: '192.16.64.208', port: 443 }
Connected to Server, Channel: matthdgamer
Connected to Server, Channel: demuslim
Connected to Server, Channel: anomalyxd
Connected to Server, Channel: oyunbrostv
Connected to Server, Channel: summonersinnlive
Connected to Server, Channel: sevadus
Connected to Server, Channel: rxnexus
Connected to Server, Channel: abver
Connecting to server with arguments: { host: '192.16.64.175', port: 443 }
Connecting to server with arguments: { host: '192.16.64.211', port: 443 }
Connecting to server with arguments: { host: '192.16.64.214', port: 443 }
Connecting to server with arguments: { host: '192.16.64.210', port: 443 }
Connecting to server with arguments: { host: '192.16.64.179', port: 443 }
Connecting to server with arguments: { host: '192.16.64.213', port: 443 }
Connecting to server with arguments: { host: '192.16.64.209', port: 443 }
Connected to Server, Channel: kinguin_net
Connected to Server, Channel: bobross
Connected to Server, Channel: cheatbanned
Connected to Server, Channel: esl_csgo
Connected to Server, Channel: super_sonic_dan
Connected to Server, Channel: rocketbeanstv
Connecting to server with arguments: { host: '192.16.64.207', port: 443 }
Connected to Server, Channel: beyondthesummit
Connected to Server, Channel: domingo
Disconectd
Connected to Server, Channel: timthetatman
Connecting to server with arguments: { host: '192.16.64.174', port: 443 }
Connecting to server with arguments: { host: '192.16.64.205', port: 443 }
Connecting to server with arguments: { host: '192.16.64.207', port: 443 }
Connecting to server with arguments: { host: '192.16.64.174', port: 443 }
Connected to Server, Channel: yogscast
Connected to Server, Channel: asiagodtonegg3be0
Connected to Server, Channel: imaqtpie
Connecting to server with arguments: { host: '192.16.64.175', port: 443 }
Connected to Server, Channel: watchmeblink1
Connecting to server with arguments: { host: '192.16.64.174', port: 443 }
Connected to Server, Channel: nightblue3
Connected to Server, Channel: lightofheaven
Connecting to server with arguments: { host: '192.16.64.209', port: 443 }
Connecting to server with arguments: { host: '192.16.64.179', port: 443 }
Connecting to server with arguments: { host: '199.9.255.147', port: 443 }
Connecting to server with arguments: { host: '192.16.64.176', port: 443 }
Connected to Server, Channel: castro_1021
Connected to Server, Channel: stray228
Connected to Server, Channel: riotgames
Connected to Server, Channel: officialfriberg
Connecting to server with arguments: { host: '192.16.64.209', port: 443 }
Connecting to server with arguments: { host: '192.16.64.205', port: 443 }
Connected to Server, Channel: forsenlol
Connected to Server, Channel: zetalot
message is -10000 ms BEFORE period start!
events.js:141
      throw er; // Unhandled 'error' event
      ^

Error: read ECONNRESET
    at exports._errnoException (util.js:874:11)
    at TCP.onread (net.js:544:26)

npm ERR! Windows_NT 10.0.10586
npm ERR! argv "C:\\Program Files\\nodejs\\node.exe" "C:\\Program Files\\nodejs\\                                                                                                                 node_modules\\npm\\bin\\npm-cli.js" "start"
npm ERR! node v4.2.3
npm ERR! npm  v2.14.7
npm ERR! code ELIFECYCLE
npm ERR! twabot@0.0.1 start: `node twabot.js`
npm ERR! Exit status 1
npm ERR!
npm ERR! Failed at the twabot@0.0.1 start script 'node twabot.js'.
npm ERR! This is most likely a problem with the twabot package,
npm ERR! not with npm itself.
npm ERR! Tell the author that this fails on your system:
npm ERR!     node twabot.js
npm ERR! You can get their info via:
npm ERR!     npm owner ls twabot
npm ERR! There is likely additional logging output above.

npm ERR! Please include the following file with any support request:
npm ERR!     C:\Users\Andi\Documents\Hochschule\Webentwicklung\twabot\npm-debug.                                                                                                                 log
